Sept 24, 2025 5:24:06 PM com.tyron.javacompletion.project.Project loadJdkModule
INFO: Loading JDK module
Sept 24, 2025 5:24:06 PM com.tyron.javacompletion.project.Project loadJdkModule
WARNING: Unable to load JDK module
java.lang.NullPointerException
	at java.io.Reader.<init>(Reader.java:167)
	at java.io.InputStreamReader.<init>(InputStreamReader.java:112)
	at com.tyron.javacompletion.project.Project.loadJdkModule(Project.java:87)
	at com.tyron.javacompletion.JavaCompletions.lambda$initialize$0(JavaCompletions.java:58)
	at com.tyron.javacompletion.JavaCompletions.$r8$lambda$Mw9L73jmJN2HfBcWCmDlV2vRcXg(Unknown Source:0)
	at com.tyron.javacompletion.JavaCompletions$$ExternalSyntheticLambda0.run(D8$$SyntheticClass:0)
	at java.util.concurrent.Executors$RunnableAdapter.call(Executors.java:524)
	at java.util.concurrent.FutureTask.run(FutureTask.java:317)
	at java.util.concurrent.ThreadPoolExecutor.runWorker(ThreadPoolExecutor.java:1156)
	at java.util.concurrent.ThreadPoolExecutor$Worker.run(ThreadPoolExecutor.java:651)
	at java.lang.Thread.run(Thread.java:1119)

Sept 24, 2025 5:30:51 PM com.tyron.javacompletion.JavaCompletions initialize
INFO: Initializing project: file:///data/user/0/com.star4droid.star2d.evo/files/projects/car2/java/
Sept 24, 2025 5:30:51 PM com.tyron.javacompletion.JavaCompletions initialize
INFO: Options:
  logPath: /data/user/0/com.star4droid.star2d.evo/files/projects/car2/log//autocomplete.log
  logLevel: ALL
  ignorePaths: []
  typeIndexFiles: []
Sept 24, 2025 5:30:51 PM java.util.logging.LogManager$RootLogger log
WARNING: Log file has already been set.
Sept 24, 2025 5:30:52 PM com.tyron.javacompletion.project.Project loadJdkModule
INFO: Loading JDK module
Sept 24, 2025 5:30:52 PM com.tyron.javacompletion.project.Project loadJdkModule
WARNING: Unable to load JDK module
java.lang.NullPointerException
	at java.io.Reader.<init>(Reader.java:167)
	at java.io.InputStreamReader.<init>(InputStreamReader.java:112)
	at com.tyron.javacompletion.project.Project.loadJdkModule(Project.java:87)
	at com.tyron.javacompletion.JavaCompletions.lambda$initialize$0(JavaCompletions.java:58)
	at com.tyron.javacompletion.JavaCompletions.$r8$lambda$Mw9L73jmJN2HfBcWCmDlV2vRcXg(Unknown Source:0)
	at com.tyron.javacompletion.JavaCompletions$$ExternalSyntheticLambda0.run(D8$$SyntheticClass:0)
	at java.util.concurrent.Executors$RunnableAdapter.call(Executors.java:524)
	at java.util.concurrent.FutureTask.run(FutureTask.java:317)
	at java.util.concurrent.ThreadPoolExecutor.runWorker(ThreadPoolExecutor.java:1156)
	at java.util.concurrent.ThreadPoolExecutor$Worker.run(ThreadPoolExecutor.java:651)
	at java.lang.Thread.run(Thread.java:1119)

Sept 24, 2025 5:31:06 PM com.tyron.javacompletion.JavaCompletions initialize
INFO: Initializing project: file:///data/user/0/com.star4droid.star2d.evo/files/projects/StarValley/java/
Sept 24, 2025 5:31:06 PM com.tyron.javacompletion.JavaCompletions initialize
INFO: Options:
  logPath: /data/user/0/com.star4droid.star2d.evo/files/projects/StarValley/log//autocomplete.log
  logLevel: ALL
  ignorePaths: []
  typeIndexFiles: []
Sept 24, 2025 5:31:06 PM java.util.logging.LogManager$RootLogger log
WARNING: Log file has already been set.
Sept 24, 2025 5:31:06 PM com.tyron.javacompletion.project.Project loadJdkModule
INFO: Loading JDK module
Sept 24, 2025 5:31:06 PM com.tyron.javacompletion.project.Project loadJdkModule
WARNING: Unable to load JDK module
java.lang.NullPointerException
	at java.io.Reader.<init>(Reader.java:167)
	at java.io.InputStreamReader.<init>(InputStreamReader.java:112)
	at com.tyron.javacompletion.project.Project.loadJdkModule(Project.java:87)
	at com.tyron.javacompletion.JavaCompletions.lambda$initialize$0(JavaCompletions.java:58)
	at com.tyron.javacompletion.JavaCompletions.$r8$lambda$Mw9L73jmJN2HfBcWCmDlV2vRcXg(Unknown Source:0)
	at com.tyron.javacompletion.JavaCompletions$$ExternalSyntheticLambda0.run(D8$$SyntheticClass:0)
	at java.util.concurrent.Executors$RunnableAdapter.call(Executors.java:524)
	at java.util.concurrent.FutureTask.run(FutureTask.java:317)
	at java.util.concurrent.ThreadPoolExecutor.runWorker(ThreadPoolExecutor.java:1156)
	at java.util.concurrent.ThreadPoolExecutor$Worker.run(ThreadPoolExecutor.java:651)
	at java.lang.Thread.run(Thread.java:1119)

